   Step           Lx          Atoms         Temp          PotEng           Lx             Ly             Lz           Press           Pxx            Pyy            Pzz      
         3   9.076                 64   300           -653.44         9.076          9.076          9.076          3490.2946      4084.7287      3266.8563      3119.2987    
        10   9.076                 64   268.97893     -653.18306      9.076          9.076          9.076          6495.4935      7369.8177      5963.1374      6153.5253    
        20   9.076                 64   221.93554     -652.80861      9.076          9.076          9.076          15109.124      16504.345      14300.133      14522.893    
        30   9.076                 64   211.80286     -652.72029      9.076          9.076          9.076          21870.668      21653.646      22992.297      20966.061    
        40   9.076                 64   180.62303     -652.45816      9.076          9.076          9.076          24219.18       23280.274      26168.848      23208.417    
        50   9.076                 64   200.67094     -652.62386      9.076          9.076          9.076          18285.783      19478.178      18400.1        16979.071    
        60   9.0760001             64   220.1338      -652.79608      9.0760001      9.0760001      9.0760001      9366.1987      10640.042      9234.6914      8223.8623    
        70   9.0760001             64   250.03585     -653.03597      9.0760001      9.0760001      9.0760001      3828.8652      4710.7917      4097.3091      2678.4947    
        80   9.0760001             64   221.88659     -652.81279      9.0760001      9.0760001      9.0760001      7696.5688      9397.7052      7620.2395      6071.7618    
        90   9.0760001             64   198.73199     -652.6276       9.0760001      9.0760001      9.0760001      17611.864      20080.225      17845.749      14909.618    
       100   9.0760002             64   215.9474      -652.78274      9.0760002      9.0760002      9.0760002      29603.797      31206.439      31475.123      26129.83     
       110   9.0760002             64   183.32615     -652.52433      9.0760002      9.0760002      9.0760002      41939.533      42136.783      43437.882      40243.935    
       120   9.0760003             64   216.21844     -652.7643       9.0760003      9.0760003      9.0760003      43057.778      43456.334      42518.134      43198.864    
       130   9.0760003             64   224.57429     -652.82671      9.0760003      9.0760003      9.0760003      43571.383      43013.142      40827.665      46873.342    
       140   9.0760004             64   227.35171     -652.83753      9.0760004      9.0760004      9.0760004      60432.928      58337.119      55548.804      67412.86     
       150   9.0760005             64   212.47738     -652.70538      9.0760005      9.0760005      9.0760005      93174.262      90172.474      87792.563      101557.75    
       160   9.0760006             64   245.86206     -652.99177      9.0760006      9.0760006      9.0760006      112918.05      110394.64      107769.73      120589.78    
       170   9.0760007             64   250.45305     -653.02239      9.0760007      9.0760007      9.0760007      115264.27      116139.58      108349.26      121303.96    
       180   9.0760009             64   264.6406      -653.17966      9.0760009      9.0760009      9.0760009      103901.75      107055.16      96238.502      108411.59    
       190   9.0760011             64   280.8133      -653.33634      9.0760011      9.0760011      9.0760011      97911.316      101356.87      95223.892      97153.187    
       200   9.0760013             64   307.53936     -653.56394      9.0760013      9.0760013      9.0760013      103534.73      106788.6       104765.64      99049.959    
       210   9.0760015             64   319.14652     -653.65221      9.0760015      9.0760015      9.0760015      97657.772      103789.65      102707.28      86476.386    
       220   9.0760018             64   383.60343     -654.18986      9.0760018      9.0760018      9.0760018      102634.98      105940.28      109574.18      92390.478    
       230   9.0760021             64   364.84063     -654.03121      9.0760021      9.0760021      9.0760021      121424.07      118222.47      127964.6       118085.15    
       240   9.0760024             64   391.63679     -654.22716      9.0760024      9.0760024      9.0760024      122400.28      117462.21      131329.79      118408.84    
       250   9.0760028             64   432.50482     -654.5627       9.0760028      9.0760028      9.0760028      112572.93      111839.55      123484.2       102395.04    
       260   9.0760032             64   420.05226     -654.45877      9.0760032      9.0760032      9.0760032      121688.43      121273.64      124945.44      118846.22    
       270   9.0760036             64   419.07724     -654.4525       9.0760036      9.0760036      9.0760036      132803.21      131155.34      132856.07      134398.22    
       280   9.076004              64   450.20421     -654.68691      9.076004       9.076004       9.076004       115191.16      110929.46      120869.51      113774.5     
       290   9.0760045             64   436.96212     -654.59642      9.0760045      9.0760045      9.0760045      98937.338      94883.379      105498.52      96430.111    
       300   9.076005              64   365.20815     -654.01435      9.076005       9.076005       9.076005       109056.51      107740.96      113491.46      105937.1     
       310   9.0760056             64   373.18459     -654.07741      9.0760056      9.0760056      9.0760056      125133.74      125814.26      127578.25      122008.71    
       320   9.0760061             64   411.77026     -654.43373      9.0760061      9.0760061      9.0760061      141985.19      140199.91      146356.85      139398.81    
       330   9.0760067             64   402.83044     -654.35182      9.0760067      9.0760067      9.0760067      151245.15      151218.98      153199.35      149317.13    
       340   9.0760074             64   421.10269     -654.5075       9.0760074      9.0760074      9.0760074      144078.63      147458.32      145167.57      139610.01    
       350   9.076008              64   414.6785      -654.43287      9.076008       9.076008       9.076008       137775.45      140473.03      140685.49      132167.83    
       360   9.0760087             64   371.13133     -654.09428      9.0760087      9.0760087      9.0760087      145883.45      149380.52      151137.57      137132.26    
       370   9.0760095             64   407.94657     -654.42116      9.0760095      9.0760095      9.0760095      163794.35      167424.44      173665.15      150293.44    
       380   9.0760103             64   420.74659     -654.52557      9.0760103      9.0760103      9.0760103      177114.32      177413.19      186229.39      167700.38    
       390   9.0760111             64   467.92018     -654.91562      9.0760111      9.0760111      9.0760111      157437.99      159151.43      164672.12      148490.42    
       400   9.076012              64   475.10598     -654.96546      9.076012       9.076012       9.076012       154332.77      157748.68      159289.44      145960.2     
       410   9.0760129             64   445.68673     -654.70322      9.0760129      9.0760129      9.0760129      159118.35      162042.09      166100.88      149212.09    
       420   9.0760138             64   508.89055     -655.19521      9.0760138      9.0760138      9.0760138      133826.39      134261.17      142048.46      125169.55    
       430   9.0760148             64   506.64523     -655.13614      9.0760148      9.0760148      9.0760148      126628.07      128567.28      131854.56      119462.36    
       440   9.0760158             64   538.9315      -655.42174      9.0760158      9.0760158      9.0760158      134428.33      137062.78      138725.37      127496.84    
       450   9.0760169             64   488.71992     -655.02191      9.0760169      9.0760169      9.0760169      142882.66      143323.28      148519.24      136805.47    
       460   9.076018              64   442.6919      -654.62661      9.076018       9.076018       9.076018       133899.39      131461.57      142052.44      128184.17    
       470   9.0760191             64   475.75312     -654.92375      9.0760191      9.0760191      9.0760191      128711.04      128570.79      133154.54      124407.78    
       480   9.0760202             64   503.9033      -655.11247      9.0760202      9.0760202      9.0760202      154343.31      154226.67      155608.46      153194.82    
       490   9.0760214             64   463.59048     -654.77436      9.0760214      9.0760214      9.0760214      173476.09      169326.9       174524.53      176576.84    
       500   9.0760226             64   492.52237     -655.04439      9.0760226      9.0760226      9.0760226      163646.5       162379.42      163726.04      164834.02    
       510   9.0760239             64   446.5608      -654.67041      9.0760239      9.0760239      9.0760239      158224.01      167169.31      151118.16      156384.56    
       520   9.0760252             64   527.5131      -655.37323      9.0760252      9.0760252      9.0760252      162432.5       172853.56      151547.21      162896.73    
       530   9.0760266             64   476.447       -654.96728      9.0760266      9.0760266      9.0760266      179201.48      183421.84      168874.63      185307.99    
       540   9.076028              64   452.81694     -654.78497      9.076028       9.076028       9.076028       176059.13      177667.01      172352.55      178157.83    
       550   9.0760294             64   519.73316     -655.35505      9.0760294      9.0760294      9.0760294      169381.7       171090.59      173400.76      163653.76    
       560   9.0760309             64   513.32186     -655.29283      9.0760309      9.0760309      9.0760309      184384.26      179697.07      192136.51      181319.2     
       570   9.0760325             64   426.08149     -654.58076      9.0760325      9.0760325      9.0760325      184774.33      180709.99      193176.44      180436.56    
       580   9.076034              64   427.10905     -654.60362      9.076034       9.076034       9.076034       175094.6       174215.55      184078.95      166989.32    
       590   9.0760357             64   412.7267      -654.4912       9.0760357      9.0760357      9.0760357      164746.81      164282.91      170085.64      159871.87    
       600   9.0760373             64   502.56113     -655.22939      9.0760373      9.0760373      9.0760373      161287.38      159386.93      163118.88      161356.34    
       610   9.076039              64   501.65627     -655.20361      9.076039       9.076039       9.076039       164729.13      165669.07      164179.01      164339.3     
       620   9.0760408             64   425.82729     -654.56115      9.0760408      9.0760408      9.0760408      162891.9       163590.09      163304.79      161780.81    
       630   9.0760426             64   474.24158     -654.93986      9.0760426      9.0760426      9.0760426      153643.18      155633.85      146969.09      158326.59    
       640   9.0760444             64   409.16652     -654.39964      9.0760444      9.0760444      9.0760444      144750.12      148739.61      134600.8       150909.94    
       650   9.0760463             64   439.46524     -654.64282      9.0760463      9.0760463      9.0760463      134144.8       135738.48      135409.52      131286.38    
       660   9.0760482             64   438.37476     -654.63685      9.0760482      9.0760482      9.0760482      134674.07      136041.81      141810.76      126169.65    
       670   9.0760501             64   433.55111     -654.61653      9.0760501      9.0760501      9.0760501      139414.38      143480.54      144248.92      130513.69    
       680   9.0760521             64   474.09761     -654.94518      9.0760521      9.0760521      9.0760521      151688.26      154218.74      155608.91      145237.15    
       690   9.0760541             64   472.67371     -654.92384      9.0760541      9.0760541      9.0760541      166116.64      166271.97      165041.2       167036.74    
       700   9.0760561             64   523.5618      -655.35809      9.0760561      9.0760561      9.0760561      161238.37      161626.48      158911.91      163176.7     
       710   9.0760582             64   465.47783     -654.8697       9.0760582      9.0760582      9.0760582      157756.79      158353.22      155181.03      159736.11    
       720   9.0760603             64   497.46039     -655.11579      9.0760603      9.0760603      9.0760603      156196.55      160301.92      150847.73      157439.99    
       730   9.0760625             64   467.12078     -654.82854      9.0760625      9.0760625      9.0760625      169682.84      178044.33      167717.35      163286.82    
       740   9.0760647             64   490.37719     -654.99951      9.0760647      9.0760647      9.0760647      177634.88      183124.99      176011.54      173768.11    
       750   9.076067              64   475.30433     -654.89616      9.076067       9.076067       9.076067       189133.77      187232.89      184099.73      196068.69    
       760   9.0760693             64   466.79995     -654.83307      9.0760693      9.0760693      9.0760693      186457.9       179994.02      187699.18      191680.49    
       770   9.0760716             64   472.50214     -654.87046      9.0760716      9.0760716      9.0760716      181429.74      174987.89      185426.05      183875.27    
       780   9.076074              64   448.87006     -654.67844      9.076074       9.076074       9.076074       186047.69      178348.75      187828.19      191966.12    
       790   9.0760765             64   495.61492     -655.04635      9.0760765      9.0760765      9.0760765      169326.87      165779.58      168955.3       173245.72    
       800   9.076079              64   498.57682     -655.08191      9.076079       9.076079       9.076079       153645.87      156119.72      152713.64      152104.27    
       810   9.0760815             64   467.50658     -654.81367      9.0760815      9.0760815      9.0760815      160984.79      163302.66      158100.38      161551.32    
       820   9.076084              64   531.17132     -655.35435      9.076084       9.076084       9.076084       155814.78      160714.04      153293.85      153436.45    
       830   9.0760866             64   458.44567     -654.72821      9.0760866      9.0760866      9.0760866      151560.8       154579.12      154623.02      145480.27    
       840   9.0760893             64   463.12154     -654.74732      9.0760893      9.0760893      9.0760893      129995.49      132957.76      133871.85      123156.86    
       850   9.076092              64   458.67868     -654.70572      9.076092       9.076092       9.076092       116451.71      119667.81      113926.6       115760.71    
       860   9.0760947             64   459.73972     -654.73027      9.0760947      9.0760947      9.0760947      137399.32      140770.1       128277.75      143150.12    
       870   9.0760974             64   442.9297      -654.58642      9.0760974      9.0760974      9.0760974      167703.16      169429.14      162019.63      171660.7     
       880   9.0761002             64   455.59242     -654.68989      9.0761002      9.0761002      9.0761002      164053.95      167194.09      161349.94      163617.81    
       890   9.076103              64   454.26062     -654.68225      9.076103       9.076103       9.076103       149691.19      154150.41      149436.77      145486.39    
       900   9.0761059             64   448.75775     -654.69132      9.0761059      9.0761059      9.0761059      142525.49      142466.54      148839.19      136270.73    
       910   9.0761088             64   426.11773     -654.50093      9.0761088      9.0761088      9.0761088      155157.06      157501.69      159305.42      148664.06    
       920   9.0761117             64   408.73875     -654.35401      9.0761117      9.0761117      9.0761117      167158.45      174924.59      167798.86      158751.91    
       930   9.0761147             64   462.55158     -654.78696      9.0761147      9.0761147      9.0761147      152662.71      160761.28      151815.3       145411.54    
       940   9.0761177             64   429.68008     -654.52557      9.0761177      9.0761177      9.0761177      141032.79      145592.99      140907.64      136597.74    
       950   9.0761208             64   424.02186     -654.49588      9.0761208      9.0761208      9.0761208      138402.94      141694.73      137946.08      135568       
       960   9.0761238             64   392.78649     -654.21673      9.0761238      9.0761238      9.0761238      133696.02      137746.57      126625.49      136715.99    
       970   9.076127              64   405.75632     -654.33953      9.076127       9.076127       9.076127       138681.62      141430.42      128589.34      146025.1     
       980   9.0761301             64   443.31285     -654.68395      9.0761301      9.0761301      9.0761301      150180.35      154411.08      143717.93      152412.05    
       990   9.0761333             64   467.77474     -654.87547      9.0761333      9.0761333      9.0761333      155903.78      160151.2       147362.61      160197.52    
      1000   9.0761365             64   442.62485     -654.66045      9.0761365      9.0761365      9.0761365      162270.5       160076.48      154753.3       171981.72    
      1010   9.0761398             64   482.27437     -654.98983      9.0761398      9.0761398      9.0761398      168069.56      158757.95      165085.58      180365.15    
      1020   9.0761431             64   451.08803     -654.76007      9.0761431      9.0761431      9.0761431      181275.2       169846.83      184175.56      189803.22    
      1030   9.0761465             64   466.91598     -654.88278      9.0761465      9.0761465      9.0761465      184153.59      175313.81      186221.26      190925.7     
      1040   9.0761499             64   519.32215     -655.34206      9.0761499      9.0761499      9.0761499      181534.09      175611.18      180455.79      188535.31    
      1050   9.0761534             64   459.91745     -654.85121      9.0761534      9.0761534      9.0761534      182602.79      177402.4       181650.99      188754.99    
      1060   9.0761569             64   423.99338     -654.5281       9.0761569      9.0761569      9.0761569      165243.69      161375.34      162320.45      172035.26    
      1070   9.0761604             64   456.96997     -654.7966       9.0761604      9.0761604      9.0761604      141366.78      139470.86      137189.57      147439.92    
      1080   9.076164              64   419.24426     -654.49504      9.076164       9.076164       9.076164       143220.53      145662.59      138149.39      145849.6     
      1090   9.0761676             64   395.86296     -654.32767      9.0761676      9.0761676      9.0761676      146289.24      148796.06      142018.66      148052.99    
      1100   9.0761712             64   413.16163     -654.45197      9.0761712      9.0761712      9.0761712      136766.07      136624.32      136174.28      137499.6     
      1110   9.0761749             64   414.1875      -654.46853      9.0761749      9.0761749      9.0761749      125434.36      125891.03      125988.24      124423.8     
      1120   9.0761786             64   428.62187     -654.57547      9.0761786      9.0761786      9.0761786      116575.43      119605.57      111839.23      118281.49    
      1130   9.0761824             64   432.2741      -654.58258      9.0761824      9.0761824      9.0761824      130366.14      133543.92      125267.43      132287.05    
      1140   9.0761862             64   413.28766     -654.41009      9.0761862      9.0761862      9.0761862      149637.14      151034         149080.23      148797.18    
      1150   9.07619               64   417.46871     -654.45158      9.07619        9.07619        9.07619        140371.66      142975.23      139363.71      138776.03    
      1160   9.0761938             64   434.16158     -654.60237      9.0761938      9.0761938      9.0761938      122995.91      127329.75      118970.19      122687.79    
      1170   9.0761977             64   422.32378     -654.49453      9.0761977      9.0761977      9.0761977      133267.84      137708.2       131560.61      130534.7     
      1180   9.0762016             64   410.27564     -654.41437      9.0762016      9.0762016      9.0762016      145575.31      147616.91      146679.82      142429.19    
      1190   9.0762056             64   424.57672     -654.5483       9.0762056      9.0762056      9.0762056      142722.16      141252.87      142090.11      144823.49    
      1200   9.0762096             64   437.03036     -654.67273      9.0762096      9.0762096      9.0762096      133248.67      132848.49      134048.33      132849.18    
      1210   9.0762136             64   429.67977     -654.61829      9.0762136      9.0762136      9.0762136      136739.63      138377.91      143504.38      128336.59    
      1220   9.0762177             64   415.82259     -654.50674      9.0762177      9.0762177      9.0762177      153140.57      154979.13      160648.41      143794.18    
      1230   9.0762218             64   417.51953     -654.5294       9.0762218      9.0762218      9.0762218      152723.55      156249.59      157706.76      144214.29    
      1240   9.0762259             64   466.62173     -654.94916      9.0762259      9.0762259      9.0762259      146562.24      149312.28      146961.96      143412.48    
      1250   9.0762301             64   465.07882     -654.91508      9.0762301      9.0762301      9.0762301      151710.49      155339.62      146617.09      153174.75    
      1260   9.0762343             64   473.01894     -654.97221      9.0762343      9.0762343      9.0762343      152746.26      156645.36      148398.59      153194.82    
      1270   9.0762385             64   436.47593     -654.70058      9.0762385      9.0762385      9.0762385      160459.05      163668.86      157174.63      160533.67    
      1280   9.0762428             64   419.06017     -654.55837      9.0762428      9.0762428      9.0762428      158168.55      166793.84      150681.23      157030.58    
      1290   9.0762471             64   459.98106     -654.88         9.0762471      9.0762471      9.0762471      149999.13      160242.93      142496.47      147258       
      1300   9.0762515             64   463.7595      -654.89917      9.0762515      9.0762515      9.0762515      143913.7       151595.11      139815.96      140330.02    
      1310   9.0762559             64   452.37261     -654.80266      9.0762559      9.0762559      9.0762559      149590.29      154367.44      146493.44      147909.98    
      1320   9.0762603             64   411.61639     -654.45122      9.0762603      9.0762603      9.0762603      166074.18      167528.68      162603.12      168090.75    
      1330   9.0762648             64   467.66453     -654.89069      9.0762648      9.0762648      9.0762648      162543         159432.87      162537.69      165658.45    
      1340   9.0762694             64   481.0496      -655.029        9.0762694      9.0762694      9.0762694      144867.64      144406.43      143361.47      146835.02    
      1350   9.0762739             64   425.48566     -654.60492      9.0762739      9.0762739      9.0762739      146482.47      147752.19      143062.55      148632.66    
      1360   9.0762785             64   449.2289      -654.78418      9.0762785      9.0762785      9.0762785      157956.13      157321.09      156401.86      160145.43    
      1370   9.0762831             64   410.60274     -654.44685      9.0762831      9.0762831      9.0762831      166227.28      169186.37      164012.47      165483       
      1380   9.0762878             64   480.19218     -654.99627      9.0762878      9.0762878      9.0762878      159802.21      160990.12      160272.53      158143.98    
      1390   9.0762925             64   448.47395     -654.74799      9.0762925      9.0762925      9.0762925      165314.03      162595.54      161238.32      172108.24    
      1400   9.0762973             64   506.26633     -655.20929      9.0762973      9.0762973      9.0762973      158786.47      158007.48      148838.29      169513.64    
      1410   9.0763021             64   446.6369      -654.76314      9.0763021      9.0763021      9.0763021      160301.96      163770.44      152280.61      164854.83    
      1420   9.0763069             64   472.36084     -654.9732       9.0763069      9.0763069      9.0763069      167930.59      170881.6       159466.73      173443.44    
      1430   9.0763118             64   478.12488     -654.99719      9.0763118      9.0763118      9.0763118      169336.38      168337.47      162977.06      176694.6     
      1440   9.0763168             64   415.4471      -654.52599      9.0763168      9.0763168      9.0763168      166608.23      163186.07      167820.44      168818.19    
      1450   9.0763217             64   475.56912     -655.01623      9.0763217      9.0763217      9.0763217      160348.88      160916.95      159302.58      160827.12    
      1460   9.0763267             64   473.11228     -655.00057      9.0763267      9.0763267      9.0763267      152946.04      153220.85      148487.85      157129.41    
      1470   9.0763318             64   486.68939     -655.12217      9.0763318      9.0763318      9.0763318      148005.6       147928.96      138341.51      157746.33    
      1480   9.0763369             64   493.80031     -655.15533      9.0763369      9.0763369      9.0763369      166486.39      169023.29      158975.1       171460.78    
      1490   9.076342              64   457.45394     -654.87374      9.076342       9.076342       9.076342       199981.22      211336.01      189495.08      199112.58    
      1500   9.0763472             64   456.10987     -654.87115      9.0763472      9.0763472      9.0763472      196812.45      210736.93      182929.23      196771.18    
      1510   9.0763524             64   442.12359     -654.76905      9.0763524      9.0763524      9.0763524      174655.19      186549.85      160178.72      177237       
      1520   9.0763577             64   480.51391     -655.1026       9.0763577      9.0763577      9.0763577      155813.43      166996.48      146584.84      153858.97    
      1530   9.076363              64   453.29741     -654.85856      9.076363       9.076363       9.076363       167978.51      182092.22      164085.55      157757.77    
      1540   9.0763683             64   453.99336     -654.86827      9.0763683      9.0763683      9.0763683      185685.56      197129.5       185700.86      174226.33    
      1550   9.0763737             64   504.28526     -655.27952      9.0763737      9.0763737      9.0763737      181531.13      188513.87      180156.36      175923.17    
      1560   9.0763792             64   494.15692     -655.212        9.0763792      9.0763792      9.0763792      178842.01      184240.55      179070.7       173214.76    
      1570   9.0763847             64   428.04677     -654.68138      9.0763847      9.0763847      9.0763847      181694.76      188265.81      178947.57      177870.91    
      1580   9.0763902             64   458.06108     -654.91355      9.0763902      9.0763902      9.0763902      176033.68      183701.76      170325.74      174073.53    
      1590   9.0763958             64   512.632       -655.32651      9.0763958      9.0763958      9.0763958      173310.93      177544.8       164224.08      178163.92    
      1600   9.0764014             64   595.44624     -655.95979      9.0764014      9.0764014      9.0764014      168576.82      171941.81      160666.35      173122.32    
      1610   9.0764071             64   501.61163     -655.1992       9.0764071      9.0764071      9.0764071      178911.25      180436.39      168683.88      187613.49    
      1620   9.0764128             64   498.1172      -655.17895      9.0764128      9.0764128      9.0764128      194293.83      196849.99      180110.91      205920.6     
      1630   9.0764185             64   482.89195     -655.1017       9.0764185      9.0764185      9.0764185      190369.49      191011.3       179882.38      200214.78    
      1640   9.0764244             64   569.06716     -655.81669      9.0764244      9.0764244      9.0764244      169652.42      167863.44      162109.56      178984.27    
      1650   9.0764302             64   536.78186     -655.49992      9.0764302      9.0764302      9.0764302      161994.43      158017.67      152395.93      175569.69    
      1660   9.0764361             64   496.04565     -655.20583      9.0764361      9.0764361      9.0764361      166809.04      161699.31      166442.87      172284.95    
      1670   9.076442              64   445.72431     -654.80155      9.076442       9.076442       9.076442       179706.08      177034.54      180847.15      181236.54    
      1680   9.076448              64   483.74282     -655.12608      9.076448       9.076448       9.076448       184463.12      183799.91      181661.37      187928.1     
      1690   9.076454              64   503.12082     -655.28379      9.076454       9.076454       9.076454       184974.96      183586.62      183859.33      187478.91    
      1700   9.0764601             64   540.43555     -655.60388      9.0764601      9.0764601      9.0764601      184100.55      181250.07      183179.61      187871.98    
      1710   9.0764662             64   429.50928     -654.70022      9.0764662      9.0764662      9.0764662      184680.79      179352         182028.64      192661.74    
      1720   9.0764724             64   474.15362     -655.05991      9.0764724      9.0764724      9.0764724      177854.03      173733.79      171728.03      188100.29    
      1730   9.0764786             64   492.12306     -655.20178      9.0764786      9.0764786      9.0764786      172461.9       176992.36      158847.28      181546.07    
      1740   9.0764849             64   461.093       -654.96807      9.0764849      9.0764849      9.0764849      161557.99      169167.7       145145.97      170360.29    
      1750   9.0764912             64   476.4631      -655.11221      9.0764912      9.0764912      9.0764912      146490.35      150918.76      133254.72      155297.57    
      1760   9.0764975             64   479.943       -655.16445      9.0764975      9.0764975      9.0764975      141135.81      140546.94      128994.2       153866.3     
      1770   9.0765039             64   518.43011     -655.44652      9.0765039      9.0765039      9.0765039      169709.7       161927.29      162743.79      184458.01    
      1780   9.0765103             64   514.56369     -655.42836      9.0765103      9.0765103      9.0765103      193768.01      184373.89      193478.2       203451.93    
      1790   9.0765167             64   452.36545     -654.94161      9.0765167      9.0765167      9.0765167      189433.69      183414.29      188331.98      196554.8     
      1800   9.0765232             64   570.56544     -655.89993      9.0765232      9.0765232      9.0765232      169707.92      168468.63      157397.81      183257.3     
      1810   9.0765298             64   547.67659     -655.69453      9.0765298      9.0765298      9.0765298      157147.59      157714.01      139372.65      174356.12    
      1820   9.0765364             64   527.31437     -655.56751      9.0765364      9.0765364      9.0765364      155166.64      156692.54      136439.15      172368.23    
      1830   9.076543              64   500.59404     -655.36585      9.076543       9.076543       9.076543       164769.14      164664.7       148869.81      180772.9     
      1840   9.0765497             64   543.11385     -655.70542      9.0765497      9.0765497      9.0765497      179950.52      178057.38      167692.92      194101.26    
      1850   9.0765564             64   523.06052     -655.53284      9.0765564      9.0765564      9.0765564      188848.28      193681.96      177252.2       195610.69    
      1860   9.0765632             64   531.968       -655.58988      9.0765632      9.0765632      9.0765632      181806.7       192695.67      165840.03      186884.41    
      1870   9.07657               64   517.16051     -655.39902      9.07657        9.07657        9.07657        181924.94      184827.14      168062.7       192884.98    
      1880   9.0765768             64   453.40829     -654.91433      9.0765768      9.0765768      9.0765768      182722.23      186080.49      174531.83      187554.37    
      1890   9.0765837             64   566.69131     -655.81517      9.0765837      9.0765837      9.0765837      167926.04      172133.24      163592.67      168052.21    
      1900   9.0765907             64   490.46334     -655.18993      9.0765907      9.0765907      9.0765907      172788.75      176711.53      165088.96      176565.75    
      1910   9.0765977             64   536.9002      -655.60319      9.0765977      9.0765977      9.0765977      178739.41      181981.39      168959.81      185277.03    
      1920   9.0766047             64   524.28627     -655.48857      9.0766047      9.0766047      9.0766047      177789.52      179624.64      173236.63      180507.3     
      1930   9.0766118             64   629.95766     -656.34902      9.0766118      9.0766118      9.0766118      180123.42      175899.39      176782.59      187688.29    
      1940   9.0766189             64   532.30232     -655.57432      9.0766189      9.0766189      9.0766189      196068.48      190354.17      193682.98      204168.3     
      1950   9.0766261             64   538.88918     -655.61847      9.0766261      9.0766261      9.0766261      198840.07      199678.58      193256.95      203584.68    
      1960   9.0766333             64   464.11533     -654.99566      9.0766333      9.0766333      9.0766333      193258.74      195571.89      184026.92      200177.41    
      1970   9.0766405             64   517.61804     -655.44439      9.0766405      9.0766405      9.0766405      172071.46      175195.5       162018.58      179000.3     
      1980   9.0766479             64   510.28828     -655.40713      9.0766479      9.0766479      9.0766479      179082.47      181190.62      167017.84      189038.95    
      1990   9.0766552             64   485.90776     -655.20085      9.0766552      9.0766552      9.0766552      195520.04      196662.37      182206.51      207691.24    
      2000   9.0766626             64   527.32564     -655.50181      9.0766626      9.0766626      9.0766626      207891.14      213435.13      192619.92      217618.38    
      2010   9.0766701             64   512.47893     -655.41335      9.0766701      9.0766701      9.0766701      213600.46      221173.68      197709.43      221918.27    
      2020   9.0766776             64   517.35606     -655.43671      9.0766776      9.0766776      9.0766776      196538.86      200243.88      186734.87      202637.82    
      2030   9.0766852             64   523.48352     -655.4858       9.0766852      9.0766852      9.0766852      169969.44      169211.67      161942.36      178754.28    
      2040   9.0766928             64   470.30225     -655.05004      9.0766928      9.0766928      9.0766928      166592.29      164635.08      159398.86      175742.94    
      2050   9.0767004             64   471.07773     -655.03159      9.0767004      9.0767004      9.0767004      171333.21      172913.87      165356.46      175729.3     
      2060   9.0767081             64   538.14298     -655.58882      9.0767081      9.0767081      9.0767081      164103.26      168676.99      151152.23      172480.56    
      2070   9.0767159             64   468.51282     -655.04531      9.0767159      9.0767159      9.0767159      164406.93      170096.17      147377.58      175747.04    
      2080   9.0767236             64   489.51874     -655.16448      9.0767236      9.0767236      9.0767236      165574.14      168868.6       155260.27      172593.54    
      2090   9.0767314             64   521.58801     -655.42179      9.0767314      9.0767314      9.0767314      159939.41      163640.91      148677.13      167500.19    
      2100   9.0767393             64   506.96571     -655.28999      9.0767393      9.0767393      9.0767393      154191.25      155777.16      143608.83      163187.77    
      2110   9.0767472             64   475.94571     -655.06597      9.0767472      9.0767472      9.0767472      176115.14      173748.94      167696.59      186899.89    
      2120   9.0767551             64   483.83178     -655.14808      9.0767551      9.0767551      9.0767551      201178.78      201303.64      194863.77      207368.92    
      2130   9.0767631             64   516.05654     -655.39438      9.0767631      9.0767631      9.0767631      196944.84      202498.56      180050.39      208285.57    
      2140   9.0767712             64   418.32225     -654.63623      9.0767712      9.0767712      9.0767712      199238.59      207717.44      177946.75      212051.58    
      2150   9.0767793             64   391.19169     -654.41608      9.0767793      9.0767793      9.0767793      202871.57      211063.12      183293.65      214257.94    
      2160   9.0767874             64   500.52122     -655.31367      9.0767874      9.0767874      9.0767874      184918.39      188467.09      175911.42      190376.65    
      2170   9.0767956             64   444.37043     -654.8606       9.0767956      9.0767956      9.0767956      184768.83      192143.21      178959.18      183204.1     
      2180   9.0768038             64   440.8223      -654.81897      9.0768038      9.0768038      9.0768038      197289.4       203631.38      191876.84      196359.99    
      2190   9.0768121             64   477.63668     -655.1061       9.0768121      9.0768121      9.0768121      193710.95      206286.18      182983.03      191863.66    
      2200   9.0768205             64   537.34692     -655.59935      9.0768205      9.0768205      9.0768205      184936.38      196963.42      176113.36      181732.37    
      2210   9.0768288             64   523.45783     -655.47796      9.0768288      9.0768288      9.0768288      196584.13      205699.09      186210.39      197842.93    
      2220   9.0768373             64   596.202       -656.08469      9.0768373      9.0768373      9.0768373      205943.7       215598.35      189550.53      212682.21    
      2230   9.0768458             64   548.77482     -655.74497      9.0768458      9.0768458      9.0768458      222277.49      226978.16      206307.91      233546.38    
      2240   9.0768543             64   543.05533     -655.68933      9.0768543      9.0768543      9.0768543      222231.17      224148.06      209708.77      232836.68    
      2250   9.0768629             64   505.40006     -655.36216      9.0768629      9.0768629      9.0768629      197839.84      203975.47      184757.95      204786.1     
      2260   9.0768715             64   480.80769     -655.1501       9.0768715      9.0768715      9.0768715      174251.96      186032.59      160977         175746.3     
      2270   9.0768802             64   526.33818     -655.501        9.0768802      9.0768802      9.0768802      181987.32      196841.78      168451.09      180669.08    
      2280   9.076889              64   536.79014     -655.60684      9.076889       9.076889       9.076889       217118.99      229362.46      208343.73      213650.8     
      2290   9.0768977             64   496.55542     -655.28704      9.0768977      9.0768977      9.0768977      237663.1       235046.79      240889.73      237052.78    
      2300   9.0769066             64   561.46243     -655.81215      9.0769066      9.0769066      9.0769066      207613.45      209996.57      213617.61      199226.16    
      2310   9.0769155             64   547.05667     -655.68002      9.0769155      9.0769155      9.0769155      195337.93      204872.76      199509.67      181631.35    
      2320   9.0769244             64   518.66479     -655.42153      9.0769244      9.0769244      9.0769244      211239.72      222263.61      218028.99      193426.58    
      2330   9.0769335             64   549.67135     -655.68827      9.0769335      9.0769335      9.0769335      226580.97      238126.25      227339.16      214277.49    
      2340   9.0769425             64   474.2931      -655.0537       9.0769425      9.0769425      9.0769425      248867.57      263596.38      248141.2       234865.14    
      2350   9.0769516             64   536.04882     -655.51624      9.0769516      9.0769516      9.0769516      246147.09      261789.56      245525.32      231126.38    
      2360   9.0769608             64   631.65586     -656.27623      9.0769608      9.0769608      9.0769608      223366.8       238937.52      217903.24      213259.65    
      2370   9.0769701             64   626.05025     -656.24319      9.0769701      9.0769701      9.0769701      231437.34      250168.5       224456.96      219686.57    
      2380   9.0769794             64   726.57952     -657.05147      9.0769794      9.0769794      9.0769794      246315.86      257274.79      246609.22      235063.57    
      2390   9.0769887             64   748.3635      -657.24401      9.0769887      9.0769887      9.0769887      264071.78      271490.31      262082.05      258642.98    
      2400   9.0769982             64   757.48732     -657.31039      9.0769982      9.0769982      9.0769982      270781.62      287479.73      259559.27      265305.87    
      2410   9.0770077             64   820.02546     -657.82298      9.0770077      9.0770077      9.0770077      254224.27      265763.93      236720.54      260188.35    
      2420   9.0770172             64   751.92914     -657.24968      9.0770172      9.0770172      9.0770172      262144.41      261016.81      249936.4       275480.03    
      2430   9.0770269             64   730.92511     -657.08491      9.0770269      9.0770269      9.0770269      280663.48      266373.46      281855.32      293761.67    
      2440   9.0770366             64   844.82362     -658.01729      9.0770366      9.0770366      9.0770366      277684.31      269833.19      280292.57      282927.16    
      2450   9.0770463             64   829.83546     -657.8813       9.0770463      9.0770463      9.0770463      276571.6       270412.77      284796.77      274505.25    
      2460   9.0770562             64   820.71397     -657.83355      9.0770562      9.0770562      9.0770562      274442.12      272482.98      282628.08      268215.3     
      2470   9.0770661             64   898.80828     -658.4846       9.0770661      9.0770661      9.0770661      274477.44      279450.83      275410.19      268571.32    
      2480   9.0770761             64   830.12259     -657.92853      9.0770761      9.0770761      9.0770761      281933.22      290078.33      276970.53      278750.81    
      2490   9.0770861             64   801.62873     -657.69645      9.0770861      9.0770861      9.0770861      282125.61      285687.06      283843.74      276846.02    
      2500   9.0770962             64   874.32578     -658.28834      9.0770962      9.0770962      9.0770962      260830.93      265095.76      265102.53      252294.49    
      2510   9.0771064             64   914.3851      -658.62564      9.0771064      9.0771064      9.0771064      247548.55      257143.09      249407.49      236095.07    
      2520   9.0771167             64   873.48222     -658.34707      9.0771167      9.0771167      9.0771167      248242.01      243500.24      262449.8       238776       
      2530   9.077127              64   816.60714     -657.9073       9.077127       9.077127       9.077127       256440.61      252678.38      267098.84      249544.61    
      2540   9.0771373             64   831.89691     -658.04626      9.0771373      9.0771373      9.0771373      255127.21      261380.9       251525.82      252474.91    
      2550   9.0771478             64   752.82075     -657.37647      9.0771478      9.0771478      9.0771478      245326.49      252372.17      254089.12      229518.17    
      2560   9.0771583             64   817.10464     -657.92243      9.0771583      9.0771583      9.0771583      248142.97      264172.32      241450.53      238806.05    
      2570   9.0771689             64   919.86039     -658.78516      9.0771689      9.0771689      9.0771689      251770.77      259285.59      256805.64      239221.07    
      2580   9.0771795             64   909.24801     -658.76277      9.0771795      9.0771795      9.0771795      264151.66      248518.7       281547.44      262388.84    
      2590   9.0771902             64   987.802       -659.35071      9.0771902      9.0771902      9.0771902      264013.61      253392.67      271153.31      267494.85    
      2600   9.0772009             64   1031.5475     -659.78854      9.0772009      9.0772009      9.0772009      248776.36      227649.78      266327.98      252351.33    
      2610   9.0772118             64   1136.0798     -660.6757       9.0772118      9.0772118      9.0772118      252978.31      238025.55      271171.09      249738.3     
      2620   9.0772227             64   1109.3609     -660.44717      9.0772227      9.0772227      9.0772227      294743.33      283947.81      316019.56      284262.62    
      2630   9.0772336             64   1014.4931     -659.71716      9.0772336      9.0772336      9.0772336      320261.62      303018.93      339368.76      318397.17    
      2640   9.0772447             64   1027.9943     -659.88196      9.0772447      9.0772447      9.0772447      308180.03      276758.9       337119.07      310662.13    
      2650   9.0772558             64   1044.8956     -660.05113      9.0772558      9.0772558      9.0772558      306507.95      250054.27      353925.36      315544.22    
      2660   9.077267              64   1113.7306     -660.6883       9.077267       9.077267       9.077267       301084.47      255009.31      342774.26      305469.83    
      2670   9.0772783             64   1116.526      -660.74555      9.0772783      9.0772783      9.0772783      330218.65      308434.88      365510.48      316710.58    
      2680   9.0772896             64   1180.886      -661.30534      9.0772896      9.0772896      9.0772896      330034.29      315901.75      344300.82      329900.29    
      2690   9.0773011             64   1345.5097     -662.68594      9.0773011      9.0773011      9.0773011      316987.2       281535.46      330023.27      339402.88    
      2700   9.0773126             64   1292.7402     -662.30548      9.0773126      9.0773126      9.0773126      329239.17      306753.7       334746.6       346217.21    
      2710   9.0773242             64   1346.0763     -662.78095      9.0773242      9.0773242      9.0773242      329925.19      297422.6       330548         361804.96    
      2720   9.0773359             64   1275.5199     -662.21681      9.0773359      9.0773359      9.0773359      319068.55      292119.54      293152.61      371933.49    
      2730   9.0773476             64   1331.5425     -662.73608      9.0773476      9.0773476      9.0773476      319473.47      308332.75      302313.09      347774.57    
      2740   9.0773595             64   1382.1381     -663.18536      9.0773595      9.0773595      9.0773595      324803.13      306890.43      335938.03      331580.92    
      2750   9.0773714             64   1352.9016     -662.96643      9.0773714      9.0773714      9.0773714      342956.34      334785.88      341433.24      352649.89    
      2760   9.0773834             64   1517.6583     -664.31847      9.0773834      9.0773834      9.0773834      366402.18      375488.58      349065.35      374652.61    
      2770   9.0773955             64   1312.1866     -662.67127      9.0773955      9.0773955      9.0773955      373932.34      389179.02      324979.85      407638.15    
      2780   9.0774077             64   1464.0099     -663.88514      9.0774077      9.0774077      9.0774077      341791.28      338013.16      326662.16      360698.52    
      2790   9.07742               64   1464.1273     -663.84366      9.07742        9.07742        9.07742        368853.15      338124.06      365504.53      402930.87    
      2800   9.0774324             64   1354.3674     -662.9734       9.0774324      9.0774324      9.0774324      431227.39      427521.71      400236.98      465923.49    
      2810   9.0774449             64   1418.3896     -663.52078      9.0774449      9.0774449      9.0774449      421258.9       409256.96      379940.29      474579.44    
      2820   9.0774575             64   1391.9327     -663.31956      9.0774575      9.0774575      9.0774575      392404.4       390493.15      378878.1       407841.94    
      2830   9.0774702             64   1251.2549     -662.22984      9.0774702      9.0774702      9.0774702      390147.96      380741.03      393511.06      396191.79    
      2840   9.077483              64   1216.3425     -661.94362      9.077483       9.077483       9.077483       405291.31      407714.14      407481.11      400678.68    
      2850   9.0774959             64   1426.6461     -663.69004      9.0774959      9.0774959      9.0774959      412426.05      389912.63      404469.56      442895.96    
      2860   9.0775089             64   1505.1572     -664.31691      9.0775089      9.0775089      9.0775089      393586.3       354927.49      385813.21      440018.18    
      2870   9.077522              64   1298.3991     -662.65365      9.077522       9.077522       9.077522       391079.3       341819.27      415355.85      416062.79    
      2880   9.0775352             64   1479.9447     -664.10968      9.0775352      9.0775352      9.0775352      364807.52      333730.96      373711.24      386980.37    
      2890   9.0775485             64   1506.0157     -664.27123      9.0775485      9.0775485      9.0775485      352051.87      342694.51      364458.63      349002.46    
      2900   9.0775619             64   1452.2589     -663.86552      9.0775619      9.0775619      9.0775619      353569.5       351109.25      324600.11      384999.14    
      2910   9.0775753             64   1508.4037     -664.33425      9.0775753      9.0775753      9.0775753      357496.05      370132.19      321338.06      381017.9     
      2920   9.0775889             64   1543.1211     -664.62707      9.0775889      9.0775889      9.0775889      358349.42      384318.38      317948.29      372781.6     
      2930   9.0776026             64   1612.4329     -665.22061      9.0776026      9.0776026      9.0776026      377729.44      382165.25      355132.94      395890.13    
      2940   9.0776163             64   1657.3419     -665.56399      9.0776163      9.0776163      9.0776163      368370.25      345890.39      346388.67      412831.7     
      2950   9.0776301             64   1675.6318     -665.74249      9.0776301      9.0776301      9.0776301      357152.75      326940.27      351542.07      392975.9     
      2960   9.0776441             64   1498.8729     -664.29833      9.0776441      9.0776441      9.0776441      370482.53      358843.79      384501.5       368102.3     
      2970   9.0776581             64   1640.88       -665.47072      9.0776581      9.0776581      9.0776581      361874.44      370161.59      356038.47      359423.26    
      2980   9.0776722             64   1590.9037     -665.13099      9.0776722      9.0776722      9.0776722      376360.28      395135         331255.83      402689.99    
      2990   9.0776864             64   1693.5251     -666.00526      9.0776864      9.0776864      9.0776864      396179.87      410055.43      372544.98      405939.2     
      3000   9.0777007             64   1785.179      -666.74219      9.0777007      9.0777007      9.0777007      405172.4       383878.86      373089.36      458549       
      3010   9.0777151             64   1654.2066     -665.67343      9.0777151      9.0777151      9.0777151      409548.38      398110.41      384309.48      446225.26    
      3020   9.0777296             64   1664.5495     -665.73482      9.0777296      9.0777296      9.0777296      401864.56      408715.47      353625.93      443252.27    
      3030   9.0777443             64   1612.6766     -665.34183      9.0777443      9.0777443      9.0777443      391721.81      374764.42      369924.09      430476.92    
      3040   9.077759              64   1719.92       -666.26004      9.077759       9.077759       9.077759       416385.14      398835.23      363708.2       486611.99    
      3050   9.0777738             64   1619.9499     -665.50591      9.0777738      9.0777738      9.0777738      460279.85      457103.23      434692.46      489043.86    
      3060   9.0777887             64   2002.0596     -668.66037      9.0777887      9.0777887      9.0777887      459260.78      442064.4       467398.22      468319.73    
      3070   9.0778038             64   1672.4135     -666.10049      9.0778038      9.0778038      9.0778038      477923.11      461834.25      488391.56      483543.53    
      3080   9.077819              64   1813.3625     -667.30176      9.077819       9.077819       9.077819       458618.94      489043.78      414141.43      472671.61    
      3090   9.0778342             64   1841.9222     -667.5804       9.0778342      9.0778342      9.0778342      476186.8       454575.19      450378.28      523606.94    
      3100   9.0778497             64   1844.0696     -667.67001      9.0778497      9.0778497      9.0778497      495991.09      486260.86      480024.47      521687.95    
      3110   9.0778652             64   1704.6194     -666.50358      9.0778652      9.0778652      9.0778652      523724.22      506786.88      505534.88      558850.91    
      3120   9.0778809             64   1720.6532     -666.64731      9.0778809      9.0778809      9.0778809      533055.97      504945.28      520578.43      573644.19    
      3130   9.0778967             64   1768.5034     -667.05471      9.0778967      9.0778967      9.0778967      523019.96      543025.53      487228.64      538805.7     
      3140   9.0779126             64   1892.968      -668.12756      9.0779126      9.0779126      9.0779126      518000.39      532828.58      511606.05      509566.53    
      3150   9.0779286             64   1882.4108     -668.0346       9.0779286      9.0779286      9.0779286      511670.49      523444.68      532135.65      479431.14    
      3160   9.0779448             64   1841.171      -667.69052      9.0779448      9.0779448      9.0779448      492482.11      485424.07      524593.81      467428.45    
      3170   9.0779612             64   1796.09       -667.36486      9.0779612      9.0779612      9.0779612      500558.99      487815.09      548181.93      465679.94    
      3180   9.0779776             64   1829.2208     -667.61338      9.0779776      9.0779776      9.0779776      493417.15      508399.35      488430.08      483422.01    
      3190   9.0779942             64   2216.1772     -670.84495      9.0779942      9.0779942      9.0779942      498116.38      480521.25      529316.51      484511.37    
      3200   9.0780109             64   1954.4773     -668.77133      9.0780109      9.0780109      9.0780109      515643.79      476568.8       571049.9       499312.68    
      3210   9.0780277             64   1996.0361     -669.20423      9.0780277      9.0780277      9.0780277      482971.33      450851.25      531906.07      466156.67    
      3220   9.0780446             64   1822.186      -667.80956      9.0780446      9.0780446      9.0780446      480228.25      407427.54      556305.76      476951.46    
      3230   9.0780617             64   2032.2246     -669.62312      9.0780617      9.0780617      9.0780617      470056.11      426344.45      533117.13      450706.74    
      3240   9.0780789             64   2107.1496     -670.23985      9.0780789      9.0780789      9.0780789      492982.72      460140.38      537912.02      480895.75    
      3250   9.0780962             64   1996.4965     -669.33761      9.0780962      9.0780962      9.0780962      505815.51      469891.99      557017.92      490536.61    
      3260   9.0781136             64   1863.1946     -668.26194      9.0781136      9.0781136      9.0781136      500365.35      504242.83      494999.24      501853.99    
      3270   9.0781312             64   2265.5302     -671.56127      9.0781312      9.0781312      9.0781312      465054.83      423538.15      514285.45      457340.88    
      3280   9.0781489             64   2057.9349     -669.88106      9.0781489      9.0781489      9.0781489      476079.48      429750.45      532707.7       465780.29    
      3290   9.0781667             64   2492.6035     -673.4724       9.0781667      9.0781667      9.0781667      485585.31      448643.09      545543.52      462569.32    
      3300   9.0781846             64   2011.014      -669.55051      9.0781846      9.0781846      9.0781846      526022.15      527646.26      567408.6       483011.6     
      3310   9.0782027             64   2086.8824     -670.1744       9.0782027      9.0782027      9.0782027      504686.91      500432.52      551858.88      461769.35    
      3320   9.0782208             64   1783.3413     -667.77523      9.0782208      9.0782208      9.0782208      479261.29      503575.07      506270.18      427938.63    
      3330   9.0782391             64   1988.8825     -669.49143      9.0782391      9.0782391      9.0782391      484443.38      481162.18      537965.17      434202.77    
      3340   9.0782576             64   2048.6153     -670.05168      9.0782576      9.0782576      9.0782576      504566.69      511953.65      533395.82      468350.59    
      3350   9.0782761             64   2379.9316     -672.81169      9.0782761      9.0782761      9.0782761      475386.25      488953.07      504211.91      432993.79    
      3360   9.0782948             64   2157.164      -671.08038      9.0782948      9.0782948      9.0782948      426224.44      403216.5       482445.7       393011.14    
      3370   9.0783136             64   2005.3605     -669.89584      9.0783136      9.0783136      9.0783136      462412.45      426539.36      504028.9       456669.11    
      3380   9.0783325             64   2163.3055     -671.17728      9.0783325      9.0783325      9.0783325      504628.99      487164.58      586961.79      439760.6     
      3390   9.0783515             64   2336.5904     -672.62436      9.0783515      9.0783515      9.0783515      479605.68      471121.25      518644.26      449051.52    
      3400   9.0783707             64   2491.3649     -673.87556      9.0783707      9.0783707      9.0783707      471316.65      457379.34      485591.17      470979.43    
      3410   9.0783899             64   2541.1729     -674.35159      9.0783899      9.0783899      9.0783899      493589.81      450888.15      553189.71      476691.58    
      3420   9.0784093             64   2471.5135     -673.7659       9.0784093      9.0784093      9.0784093      501217.53      430126.36      562222.69      511303.56    
      3430   9.0784288             64   2660.4869     -675.31971      9.0784288      9.0784288      9.0784288      485492.31      459778.35      494814.54      501884.05    
      3440   9.0784485             64   2523.1425     -674.21399      9.0784485      9.0784485      9.0784485      476823.82      466795.32      520087.38      443588.77    
      3450   9.0784682             64   2507.5574     -674.14638      9.0784682      9.0784682      9.0784682      489942.19      431322.14      509036.9       529467.51    
      3460   9.0784881             64   2494.3814     -674.12667      9.0784881      9.0784881      9.0784881      513269.83      461734.54      523825.04      554249.9     
      3470   9.0785081             64   2251.9464     -672.16525      9.0785081      9.0785081      9.0785081      514169.36      452874.63      518981.01      570652.45    
      3480   9.0785283             64   2339.7855     -672.81685      9.0785283      9.0785283      9.0785283      485544.78      411306.44      508120.25      537207.65    
      3490   9.0785485             64   2346.9678     -672.91027      9.0785485      9.0785485      9.0785485      467342.74      428875.97      446844.26      526307.99    
      3500   9.0785689             64   2190.6249     -671.70376      9.0785689      9.0785689      9.0785689      488499.16      459503.49      445146.35      560847.63    
      3510   9.0785894             64   1955.1378     -669.77211      9.0785894      9.0785894      9.0785894      512727.93      505153.15      503362.47      529668.18    
      3520   9.0786101             64   2299.1218     -672.66223      9.0786101      9.0786101      9.0786101      511412.76      505360.6       446878.66      581999.01    
      3530   9.0786308             64   2256.5439     -672.32289      9.0786308      9.0786308      9.0786308      494406.37      486617.7       469311.04      527290.37    
      3540   9.0786517             64   2276.2551     -672.50473      9.0786517      9.0786517      9.0786517      477638.38      468602.15      512755.62      451557.38    
      3550   9.0786727             64   2277.0904     -672.5188       9.0786727      9.0786727      9.0786727      489232.63      475065.2       508421.27      484211.41    
      3560   9.0786939             64   2679.5435     -675.92632      9.0786939      9.0786939      9.0786939      508879.25      476520.22      544802.07      505315.46    
      3570   9.0787151             64   2435.2998     -673.95596      9.0787151      9.0787151      9.0787151      509321.41      522495.5       518916.96      486551.78    
      3580   9.0787365             64   2485.742      -674.39924      9.0787365      9.0787365      9.0787365      493718.46      475819.18      514932.57      490403.61    
      3590   9.078758              64   2232.8526     -672.43597      9.078758       9.078758       9.078758       514129.97      525753.31      500903.24      515733.35    
      3600   9.0787797             64   2514.3984     -674.74271      9.0787797      9.0787797      9.0787797      557110.48      527712.22      551201.44      592417.79    
      3610   9.0788015             64   2333.5368     -673.28413      9.0788015      9.0788015      9.0788015      574862.4       555782.18      612904.92      555900.1     
      3620   9.0788234             64   2299.5371     -673.06272      9.0788234      9.0788234      9.0788234      552822.41      562074.23      576007.87      520385.14    
      3630   9.0788455             64   2327.0197     -673.31298      9.0788455      9.0788455      9.0788455      542095.56      566834.07      516689.53      542763.09    
      3640   9.0788677             64   2295.2518     -673.11225      9.0788677      9.0788677      9.0788677      518574.04      546068.84      478818.06      530835.24    
      3650   9.07889               64   2236.972      -672.77929      9.07889        9.07889        9.07889        531719.44      545087.32      479056.83      571014.17    
      3660   9.0789125             64   2456.7904     -674.55152      9.0789125      9.0789125      9.0789125      508801.32      530529.74      521334.88      474539.34    
      3670   9.0789351             64   2507.4347     -674.97376      9.0789351      9.0789351      9.0789351      511607.1       521288.8       534594.43      478938.06    
      3680   9.0789578             64   2696.8116     -676.469        9.0789578      9.0789578      9.0789578      515395.71      454529.84      585990.72      505666.58    
      3690   9.0789807             64   2417.4347     -674.15738      9.0789807      9.0789807      9.0789807      541801.13      507574.47      548213.24      569615.68    
      3700   9.0790037             64   2621.5336     -675.92713      9.0790037      9.0790037      9.0790037      539215.57      455182.8       561858.11      600605.8     
      3710   9.0790268             64   2421.8615     -674.36382      9.0790268      9.0790268      9.0790268      484688.4       423536.03      496949.58      533579.58    
      3720   9.0790501             64   2589.0183     -675.70647      9.0790501      9.0790501      9.0790501      489177.12      388742.67      516803.67      561985.01    
      3730   9.0790735             64   2482.5343     -674.77058      9.0790735      9.0790735      9.0790735      506576.14      462851.65      503942.62      552934.14    
      3740   9.079097              64   2728.0837     -676.85111      9.079097       9.079097       9.079097       520470.41      470251.56      542071.16      549088.51    
      3750   9.0791206             64   2468.7559     -674.68238      9.0791206      9.0791206      9.0791206      517413.95      542105.35      581504.31      428632.18    
      3760   9.0791444             64   2665.9065     -676.26015      9.0791444      9.0791444      9.0791444      523935.79      515756.28      539570.76      516480.31    
      3770   9.0791683             64   2547.7135     -675.31402      9.0791683      9.0791683      9.0791683      507130.69      499929.16      532557.65      488905.27    
      3780   9.0791923             64   2647.3493     -676.19024      9.0791923      9.0791923      9.0791923      499114.04      458607.04      529906.44      508828.64    
      3790   9.0792165             64   2524.3031     -675.26143      9.0792165      9.0792165      9.0792165      513236.77      409838.46      535757.67      594114.18    
      3800   9.0792408             64   2599.6008     -675.91536      9.0792408      9.0792408      9.0792408      505897.36      503000.32      535796.82      478894.93    
      3810   9.0792652             64   2710.4352     -676.83988      9.0792652      9.0792652      9.0792652      529807.41      527851.33      494899.81      566671.07    
      3820   9.0792898             64   3010.4264     -679.3466       9.0792898      9.0792898      9.0792898      512175.63      463621.85      544170.86      528734.17    
      3830   9.0793144             64   2597.5135     -675.94665      9.0793144      9.0793144      9.0793144      497838.14      471813.62      475891.29      545809.51    
      3840   9.0793392             64   2434.4319     -674.65436      9.0793392      9.0793392      9.0793392      519535.75      519669.46      504840.63      534097.18    
      3850   9.0793642             64   2680.9706     -676.78473      9.0793642      9.0793642      9.0793642      528304.08      526411.08      528149.83      530351.31    
      3860   9.0793893             64   2594.1022     -676.16935      9.0793893      9.0793893      9.0793893      564100.14      433440.79      523284.26      735575.37    
      3870   9.0794145             64   2675.8451     -676.76935      9.0794145      9.0794145      9.0794145      517716.95      439255.42      559474.48      554420.95    
      3880   9.0794398             64   2853.7157     -678.28983      9.0794398      9.0794398      9.0794398      518285.13      473486.06      508503.67      572865.68    
      3890   9.0794653             64   2459.1678     -675.02956      9.0794653      9.0794653      9.0794653      518255.14      482633.23      549338.86      522793.34    
      3900   9.0794909             64   2479.3781     -675.14348      9.0794909      9.0794909      9.0794909      500181.57      481280.15      486225.15      533039.42    
      3910   9.0795166             64   2440.2547     -674.86975      9.0795166      9.0795166      9.0795166      488637.82      478972.08      489954.13      496987.25    
      3920   9.0795425             64   2535.9196     -675.65837      9.0795425      9.0795425      9.0795425      503935.76      452260.4       494376.06      565170.84    
      3930   9.0795685             64   2449.1258     -674.97524      9.0795685      9.0795685      9.0795685      494901.53      476582.06      511432.66      496689.85    
      3940   9.0795946             64   2832.7445     -678.07551      9.0795946      9.0795946      9.0795946      526891.34      473342.72      539653.94      567677.36    
      3950   9.0796208             64   2367.3075     -674.31391      9.0796208      9.0796208      9.0796208      515840.69      459089.32      586331.08      502101.66    
      3960   9.0796472             64   2739.5244     -677.34177      9.0796472      9.0796472      9.0796472      500007.69      475697.68      544922.69      479402.7     
      3970   9.0796737             64   2555.3741     -675.9057       9.0796737      9.0796737      9.0796737      525821.03      542296.21      520249.14      514917.73    
      3980   9.0797003             64   2885.1515     -678.63355      9.0797003      9.0797003      9.0797003      515646.18      509126.43      535317.8       502494.32    
      3990   9.0797271             64   2817.6291     -678.29715      9.0797271      9.0797271      9.0797271      493123.55      456017.07      542553.32      480800.26    
      4000   9.0797539             64   2537.8561     -676.10902      9.0797539      9.0797539      9.0797539      529564.5       501646.43      551260.85      535786.23    
      4010   9.079781              64   2497.2869     -675.81843      9.079781       9.079781       9.079781       547516.46      500045.23      534381.69      608122.46    
      4020   9.0798081             64   3020.0213     -680.12159      9.0798081      9.0798081      9.0798081      538047.24      522443.75      569386.39      522311.59    
      4030   9.0798354             64   3027.5699     -680.2642       9.0798354      9.0798354      9.0798354      534253.98      483727.1       565828.89      553205.95    
      4040   9.0798629             64   2724.1466     -677.87571      9.0798629      9.0798629      9.0798629      553823.08      507726.38      569360.17      584382.68    
      4050   9.0798904             64   2637.0078     -677.19653      9.0798904      9.0798904      9.0798904      539826.3       553157.86      612290.51      454030.53    
      4060   9.0799181             64   2746.6733     -678.08469      9.0799181      9.0799181      9.0799181      541214.41      504336.33      553456.85      565850.06    
      4070   9.079946              64   3079.8488     -680.82004      9.079946       9.079946       9.079946       512470.57      406836.27      613719.79      516855.64    
      4080   9.0799739             64   2842.0388     -678.93145      9.0799739      9.0799739      9.0799739      486010.34      458488.5       557271.46      442271.05    
      4090   9.080002              64   2725.7368     -677.92542      9.080002       9.080002       9.080002       536679.04      478012.67      551484.52      580539.91    
      4100   9.0800303             64   2901.8218     -679.3878       9.0800303      9.0800303      9.0800303      500653.55      423988.98      518905.8       559065.88    
      4110   9.0800586             64   2679.637      -677.61265      9.0800586      9.0800586      9.0800586      541178.42      518412.83      491506.34      613616.08    
      4120   9.0800871             64   2675.2426     -677.56758      9.0800871      9.0800871      9.0800871      487223.25      465809.84      486632.2       509227.72    
      4130   9.0801157             64   2549.4111     -676.59503      9.0801157      9.0801157      9.0801157      496124.69      439547.8       509727.55      539098.71    
      4140   9.0801445             64   2483.1684     -676.06303      9.0801445      9.0801445      9.0801445      494206.16      444292.75      493549.18      544776.55    
      4150   9.0801733             64   2955.2983     -679.94598      9.0801733      9.0801733      9.0801733      517468.57      491236.71      494664.66      566504.34    
      4160   9.0802023             64   2930.2469     -679.82267      9.0802023      9.0802023      9.0802023      531597.31      519945.52      542470.62      532375.79    
      4170   9.0802315             64   2646.8997     -677.54336      9.0802315      9.0802315      9.0802315      513578.04      518398.99      507891.99      514443.14    
      4180   9.0802607             64   2775.8476     -678.15704      9.0802607      9.0802607      9.0802607      541318.81      667822.8       498335.66      457797.98    
      4190   9.0802901             64   3475.1491     -677.41289      9.0802901      9.0802901      9.0802901      526410.61      456110.21      654065.57      469056.04    
      4200   9.0803196             64   3822.1579     -679.08958      9.0803196      9.0803196      9.0803196      479503.99      473819.01      570622.27      394070.68    
      4210   9.0803493             64   3441.0159     -675.92226      9.0803493      9.0803493      9.0803493      583197.82      540400.39      658342.8       550850.28    
      4220   9.080379              64   3682.0223     -678.11743      9.080379       9.080379       9.080379       559518.01      558974.37      630907.89      488671.78    
      4230   9.0804089             64   3447.1607     -676.11243      9.0804089      9.0804089      9.0804089      562681.42      564746.63      627220.79      496076.84    
      4240   9.080439              64   3378.6765     -676.26381      9.080439       9.080439       9.080439       567211.14      548950.02      627172.99      525510.4     
      4250   9.0804692             64   3561.5013     -677.79352      9.0804692      9.0804692      9.0804692      550561.87      514261.34      561263.56      576160.72    
      4260   9.0804996             64   3939.7747     -679.68276      9.0804996      9.0804996      9.0804996      620184.21      669852.34      576337.51      614362.76    
      4270   9.0805301             64   3939.2353     -679.61454      9.0805301      9.0805301      9.0805301      523655.65      498485.2       476818.48      595663.28    
      4280   9.0805607             64   3961.4992     -680.2786       9.0805607      9.0805607      9.0805607      556698.31      529515.68      553853.56      586725.68    
      4290   9.0805915             64   3373.5691     -675.10993      9.0805915      9.0805915      9.0805915      510756.61      484209.79      507919.68      540140.36    
      4300   9.0806224             64   4777.7264     -686.01861      9.0806224      9.0806224      9.0806224      502869.21      511514.09      462581.47      534512.07    
      4310   9.0806534             64   3896.8261     -677.82904      9.0806534      9.0806534      9.0806534      524216.3       515179.07      520910.19      536559.65    
      4320   9.0806845             64   4597.0818     -684.12604      9.0806845      9.0806845      9.0806845      497579.57      435711.75      499601.28      557425.67    
      4330   9.0807158             64   4148.539      -678.90492      9.0807158      9.0807158      9.0807158      520903.02      416987.89      575311.54      570409.62    
      4340   9.0807472             64   3927.3755     -676.52144      9.0807472      9.0807472      9.0807472      516191.14      412608.92      612679.55      523284.94    
      4350   9.0807788             64   4499.529      -676.25537      9.0807788      9.0807788      9.0807788      492669.01      357663.19      565905.05      554438.79    
      4360   9.0808105             64   4518.1381     -674.21065      9.0808105      9.0808105      9.0808105      535978.62      541641.9       470030.98      596262.98    
      4370   9.0808423             64   4871.0366     -675.57708      9.0808423      9.0808423      9.0808423      453378.37      319991.17      437509.13      602634.81    
      4380   9.0808742             64   3954.5284     -667.91169      9.0808742      9.0808742      9.0808742      520975.77      398382.28      618696.99      545848.05    
      4390   9.0809063             64   4415.0859     -673.19135      9.0809063      9.0809063      9.0809063      533630.48      469015.4       537074.34      594801.7     
      4400   9.0809385             64   4498.2084     -674.66699      9.0809385      9.0809385      9.0809385      547772.45      499242.94      614630.35      529444.06    
      4410   9.0809708             64   4609.0926     -674.84435      9.0809708      9.0809708      9.0809708      583075.16      657014.35      486995.56      605215.58    
      4420   9.0810033             64   5023.5817     -674.98465      9.0810033      9.0810033      9.0810033      573319.8       580323.73      524885.77      614749.91    
      4430   9.0810359             64   5275.5741     -677.1507       9.0810359      9.0810359      9.0810359      538742.82      533881.2       568174.63      514172.63    
      4440   9.0810686             64   4779.1163     -673.34936      9.0810686      9.0810686      9.0810686      547363.02      497877.71      588098.3       556113.04    
      4450   9.0811015             64   5123.0483     -672.97928      9.0811015      9.0811015      9.0811015      534424.87      420967.26      591712.86      590594.5     
      4460   9.0811345             64   5129.9827     -671.97631      9.0811345      9.0811345      9.0811345      612185.26      631795.17      694533.16      510227.47    
      4470   9.0811677             64   5020.1843     -672.08437      9.0811677      9.0811677      9.0811677      462956.4       398841.48      524320.39      465707.33    
      4480   9.081201              64   5189.0086     -672.71819      9.081201       9.081201       9.081201       491524.79      420491.02      544916.53      509166.82    
      4490   9.0812344             64   5070.9679     -671.85607      9.0812344      9.0812344      9.0812344      441011.73      324393.01      575267.05      423375.13    
      4500   9.081268              64   5554.4286     -675.2159       9.081268       9.081268       9.081268       464846.71      547831.38      388806.55      457902.19    
      4510   9.0813016             64   5860.551      -677.66296      9.0813016      9.0813016      9.0813016      634174.57      628881.92      624661.88      648979.9     
      4520   9.0813355             64   6450.7384     -675.97         9.0813355      9.0813355      9.0813355      499610.59      434659.45      622884.99      441287.34    
      4530   9.0813694             64   5669.45       -667.18135      9.0813694      9.0813694      9.0813694      510702.64      511418.46      639078.08      381611.39    
      4540   9.0814035             64   6798.4769     -675.84787      9.0814035      9.0814035      9.0814035      527537.77      459194.41      602436.56      520982.33    
      4550   9.0814377             64   6106.1068     -666.8231       9.0814377      9.0814377      9.0814377      549789.81      548923.22      677235.18      423211.04    
      4560   9.0814721             64   6392.0557     -669.05706      9.0814721      9.0814721      9.0814721      540776.24      444196.79      338556.33      839575.61    
      4570   9.0815066             64   7253.869      -668.94552      9.0815066      9.0815066      9.0815066      534337.4       632446.12      503039.05      467527.03    
      4580   9.0815412             64   8151.7795     -670.39946      9.0815412      9.0815412      9.0815412      630596.22      803001.66      610615.32      478171.67    
      4590   9.081576              64   7443.8734     -664.33478      9.081576       9.081576       9.081576       576861.02      527098.28      630139.27      573345.53    
      4600   9.0816109             64   7965.6499     -665.28242      9.0816109      9.0816109      9.0816109      663121.98      517066.31      704685.04      767614.6     
      4610   9.081646              64   8550.3206     -668.82191      9.081646       9.081646       9.081646       626594.12      549318.83      725990.39      604473.14    
      4620   9.0816812             64   8608.8309     -666.52091      9.0816812      9.0816812      9.0816812      567173.52      377970.88      703014.5       620535.18    
      4630   9.0817166             64   7756.7661     -659.79234      9.0817166      9.0817166      9.0817166      488718.09      339080.26      497649.36      629424.64    
      4640   9.0817521             64   8191.2799     -659.93078      9.0817521      9.0817521      9.0817521      621404.2       412994.35      725825.12      725393.13    
      4650   9.0817877             64   9145.1146     -665.22906      9.0817877      9.0817877      9.0817877      570258.22      395197.3       717380.29      598197.07    
      4660   9.0818236             64   7923.4587     -654.66793      9.0818236      9.0818236      9.0818236      633914.32      492798.02      690602.38      718342.56    
      4670   9.0818595             64   8227.3523     -653.32029      9.0818595      9.0818595      9.0818595      703801.76      600626.91      831606.7       679171.68    
      4680   9.0818957             64   7606.7613     -649.24291      9.0818957      9.0818957      9.0818957      784170.55      806934.72      869144.62      676432.3     
      4690   9.0819321             64   7738.0098     -650.14536      9.0819321      9.0819321      9.0819321      708160.58      580943.85      783749.59      759788.3     
      4700   9.0819686             64   8732.4468     -656.54818      9.0819686      9.0819686      9.0819686      511646.06      449898.49      569040.02      515999.68    
      4710   9.0820052             64   8140.4115     -654.08616      9.0820052      9.0820052      9.0820052      641803.52      519787.88      786864.63      618758.06    
      4720   9.0820421             64   9545.6544     -659.92139      9.0820421      9.0820421      9.0820421      503818.8       379353.72      553803.85      578298.82    
      4730   9.082079              64   9460.376      -649.65776      9.082079       9.082079       9.082079       452673.88      396854.98      537132.99      424033.68    
      4740   9.0821161             64   11186.951     -655.22961      9.0821161      9.0821161      9.0821161      507109.54      457755.31      434164.46      629408.87    
      4750   9.0821534             64   11668.575     -635.87265      9.0821534      9.0821534      9.0821534      809027.72      798871.74      1042616.7      585594.71    
      4760   9.0821908             64   12887.42      -642.53072      9.0821908      9.0821908      9.0821908      725301.38      657554.6       817525.14      700824.4     
      4770   9.0822284             64   15155.272     -648.30753      9.0822284      9.0822284      9.0822284      655871.95      625247.24      717752.95      624615.67    
      4780   9.0822661             64   16095.485     -646.97081      9.0822661      9.0822661      9.0822661      617581.61      476763.77      653817.8       722163.25    
      4790   9.082304              64   14139.774     -629.94585      9.082304       9.082304       9.082304       805108.78      816852.36      730730.29      867743.71    
      4800   9.0823421             64   17512.481     -639.63599      9.0823421      9.0823421      9.0823421      658500.16      623054.95      725726.29      626719.25    
      4810   9.0823804             64   16092.447     -629.98072      9.0823804      9.0823804      9.0823804      767764.85      763665.69      797537.07      742091.8     
      4820   9.0824188             64   17894.338     -625.69877      9.0824188      9.0824188      9.0824188      714619.6       700563.01      746826.79      696468.99    
      4830   9.0824575             64   18149.843     -619.48312      9.0824575      9.0824575      9.0824575      769968.95      670405.34      901110.02      738391.49    
      4840   9.0824964             64   17324.796     -597.83301      9.0824964      9.0824964      9.0824964      913092.2       760486.95      985499.36      993290.28    
      4850   9.0825355             64   20812.777     -606.59922      9.0825355      9.0825355      9.0825355      915937.96      911768.89      859880.09      976164.89    
      4860   9.0825748             64   19564.671     -595.22355      9.0825748      9.0825748      9.0825748      864349.27      820575.08      1135550.4      636922.37    
      4870   9.0826143             64   21964.035     -614.76758      9.0826143      9.0826143      9.0826143      773717.56      698448.25      980837.44      641866.98    
      4880   9.0826541             64   24385.779     -602.05408      9.0826541      9.0826541      9.0826541      1102068.9      1312126.2      1246018.4      748062.15    
      4890   9.0826941             64   27716.294     -631.9855       9.0826941      9.0826941      9.0826941      920441.51      1052640.4      1042762.6      665921.54    
      4900   9.0827343             64   25138.017     -596.35741      9.0827343      9.0827343      9.0827343      1097890.9      865334.15      1292351.8      1135986.8    
      4910   9.0827748             64   25849.939     -597.58068      9.0827748      9.0827748      9.0827748      1089196.3      1100800.4      1136726.6      1030061.8    
      4920   9.0828156             64   24183.694     -578.48374      9.0828156      9.0828156      9.0828156      1098368.5      822458.36      1302842.3      1169804.8    
      4930   9.0828566             64   25490.36      -581.47267      9.0828566      9.0828566      9.0828566      1067972.6      1008013        1134575.7      1061329.2    
      4940   9.0828979             64   26911.623     -579.86894      9.0828979      9.0828979      9.0828979      920019.11      923051.13      771777.17      1065229      
      4950   9.0829395             64   29125.514     -582.24128      9.0829395      9.0829395      9.0829395      1118556.1      1310949.5      891654.81      1153064      
      4960   9.0829813             64   30089.118     -570.12877      9.0829813      9.0829813      9.0829813      1019548.7      927053.55      1244610.4      886982.16    
      4970   9.0830235             64   31917.268     -558.60706      9.0830235      9.0830235      9.0830235      1174561.6      1102405        1152271.7      1269008      
      4980   9.0830659             64   34911.403     -553.11135      9.0830659      9.0830659      9.0830659      1398260        1409039.1      1279087.5      1506653.6    
      4990   9.0831086             64   33977.885     -544.32568      9.0831086      9.0831086      9.0831086      1092759.5      1097139.2      1274785.2      906354.06    
      5000   9.0831517             64   35636.515     -561.88906      9.0831517      9.0831517      9.0831517      1056243        1089754.2      1372116.9      706857.76    
      5003   9.0831647             64   38540.32      -583.9785       9.0831647      9.0831647      9.0831647      1041682.4      1135206.5      997963.11      991877.73    
